<?xml version="1.0" encoding="UTF-8"?>
<!-- Generated by org.testng.reporters.JUnitReportReporter -->
<testsuite hostname="Rahul-pc" name="Automation.AppTest" tests="1" failures="0" timestamp="18 Feb 2015 14:31:29 GMT" time="166.370" errors="0">
  <testcase name="test" time="166.370" classname="Automation.AppTest"/>
</testsuite> <!-- Automation.AppTest -->
