<?xml version="1.0" encoding="UTF-8"?>
<!-- Generated by org.testng.reporters.JUnitReportReporter -->
<testsuite hostname="Rahul-pc" name="AndroidBrowser.firefox" tests="1" failures="0" timestamp="18 Feb 2015 15:21:23 GMT" time="33.694" errors="0">
  <testcase name="startup" time="33.694" classname="AndroidBrowser.firefox"/>
</testsuite> <!-- AndroidBrowser.firefox -->
